  Console.cpp
  Graphic.cpp
C:\Users\banba\OneDrive\Documents\HCMUS Study\Github\K24CTT3-Team2\K24CTT3-Team2\Graphic.cpp(100,17): warning C4309: 'initializing': truncation of constant value
C:\Users\banba\OneDrive\Documents\HCMUS Study\Github\K24CTT3-Team2\K24CTT3-Team2\Graphic.cpp(100,33): warning C4309: 'initializing': truncation of constant value
C:\Users\banba\OneDrive\Documents\HCMUS Study\Github\K24CTT3-Team2\K24CTT3-Team2\Graphic.cpp(100,51): warning C4309: 'initializing': truncation of constant value
C:\Users\banba\OneDrive\Documents\HCMUS Study\Github\K24CTT3-Team2\K24CTT3-Team2\Graphic.cpp(100,70): warning C4309: 'initializing': truncation of constant value
C:\Users\banba\OneDrive\Documents\HCMUS Study\Github\K24CTT3-Team2\K24CTT3-Team2\Graphic.cpp(101,20): warning C4309: 'initializing': truncation of constant value
C:\Users\banba\OneDrive\Documents\HCMUS Study\Github\K24CTT3-Team2\K24CTT3-Team2\Graphic.cpp(101,36): warning C4309: 'initializing': truncation of constant value
C:\Users\banba\OneDrive\Documents\HCMUS Study\Github\K24CTT3-Team2\K24CTT3-Team2\Graphic.cpp(101,53): warning C4309: 'initializing': truncation of constant value
C:\Users\banba\OneDrive\Documents\HCMUS Study\Github\K24CTT3-Team2\K24CTT3-Team2\Graphic.cpp(102,22): warning C4309: 'initializing': truncation of constant value
C:\Users\banba\OneDrive\Documents\HCMUS Study\Github\K24CTT3-Team2\K24CTT3-Team2\Graphic.cpp(102,45): warning C4309: 'initializing': truncation of constant value
C:\Users\banba\OneDrive\Documents\HCMUS Study\Github\K24CTT3-Team2\K24CTT3-Team2\Graphic.cpp(102,66): warning C4309: 'initializing': truncation of constant value
C:\Users\banba\OneDrive\Documents\HCMUS Study\Github\K24CTT3-Team2\K24CTT3-Team2\Graphic.cpp(102,88): warning C4309: 'initializing': truncation of constant value
  Help.cpp
  LoadGame.cpp
  MainCaro.cpp
  NewGame.cpp
  Tictactoe.cpp
C:\Users\banba\OneDrive\Documents\HCMUS Study\Github\K24CTT3-Team2\K24CTT3-Team2\Tictactoe.cpp(10,17): warning C4244: 'initializing': conversion from 'double' to 'int', possible loss of data
  Generating Code...
  K24CTT3-Team2.vcxproj -> C:\Users\banba\OneDrive\Documents\HCMUS Study\Github\K24CTT3-Team2\K24CTT3-Team2\x64\Debug\K24CTT3-Team2.exe
