c:\users\banba\onedrive\documents\hcmus study\caro-project\caro-project\debug\vc143.pdb
c:\users\banba\onedrive\documents\hcmus study\caro-project\caro-project\debug\vc143.idb
c:\users\banba\onedrive\documents\hcmus study\caro-project\caro-project\debug\newgame.obj
c:\users\banba\onedrive\documents\hcmus study\caro-project\caro-project\debug\maincaro.obj
c:\users\banba\onedrive\documents\hcmus study\caro-project\caro-project\debug\loadgame.obj
c:\users\banba\onedrive\documents\hcmus study\caro-project\caro-project\debug\library.obj
c:\users\banba\onedrive\documents\hcmus study\caro-project\caro-project\debug\graphic.obj
c:\users\banba\onedrive\documents\hcmus study\caro-project\caro-project\debug\control.obj
c:\users\banba\onedrive\documents\hcmus study\caro-project\caro-project\debug\console.obj
c:\users\banba\onedrive\documents\hcmus study\caro-project\caro-project\debug\help.obj
c:\users\banba\onedrive\documents\hcmus study\caro-project\caro-project\debug\about.obj
c:\users\banba\onedrive\documents\hcmus study\caro-project\debug\caro-project.exe
c:\users\banba\onedrive\documents\hcmus study\caro-project\debug\caro-project.pdb
c:\users\banba\onedrive\documents\hcmus study\caro-project\caro-project\debug\caro-project.ilk
c:\users\banba\onedrive\documents\hcmus study\caro-project\caro-project\debug\caro-project.tlog\cl.command.1.tlog
c:\users\banba\onedrive\documents\hcmus study\caro-project\caro-project\debug\caro-project.tlog\cl.items.tlog
c:\users\banba\onedrive\documents\hcmus study\caro-project\caro-project\debug\caro-project.tlog\cl.read.1.tlog
c:\users\banba\onedrive\documents\hcmus study\caro-project\caro-project\debug\caro-project.tlog\cl.write.1.tlog
c:\users\banba\onedrive\documents\hcmus study\caro-project\caro-project\debug\caro-project.tlog\link.command.1.tlog
c:\users\banba\onedrive\documents\hcmus study\caro-project\caro-project\debug\caro-project.tlog\link.read.1.tlog
c:\users\banba\onedrive\documents\hcmus study\caro-project\caro-project\debug\caro-project.tlog\link.secondary.1.tlog
c:\users\banba\onedrive\documents\hcmus study\caro-project\caro-project\debug\caro-project.tlog\link.write.1.tlog
